<?xml version="1.0" encoding="UTF-8"?>
<testsuite name="NetUtilsTest" tests="5" skipped="0" failures="0" errors="0" timestamp="2025-06-03T08:53:18" hostname="LAPTOP-T51V5TF2" time="3.469">
  <properties/>
  <testcase name="testSearchGameByNameCaseInsensitive()" classname="NetUtilsTest" time="1.655"/>
  <testcase name="testSearchGameByNameSpecialCharacters()" classname="NetUtilsTest" time="0.602"/>
  <testcase name="testSearchGameByNameFound()" classname="NetUtilsTest" time="0.411"/>
  <testcase name="testSearchGameByNameNotFound()" classname="NetUtilsTest" time="0.4"/>
  <testcase name="testGetGamesList()" classname="NetUtilsTest" time="0.393"/>
  <system-out><![CDATA[]]></system-out>
  <system-err><![CDATA[]]></system-err>
</testsuite>
