<?xml version="1.0" encoding="UTF-8"?>
<testsuite name="student.model.SortingTest" tests="5" skipped="0" failures="0" errors="0" timestamp="2025-06-03T08:53:21" hostname="LAPTOP-T51V5TF2" time="0.006">
  <properties/>
  <testcase name="testSortItemsByTitleDescending()" classname="student.model.SortingTest" time="0.001"/>
  <testcase name="testSortItemsByReleaseDateAscending()" classname="student.model.SortingTest" time="0.001"/>
  <testcase name="testSortItemsByTitleAscending()" classname="student.model.SortingTest" time="0.001"/>
  <testcase name="testUnsupportedSortField()" classname="student.model.SortingTest" time="0.001"/>
  <testcase name="testSortItemsByReleaseDateDescending()" classname="student.model.SortingTest" time="0.0"/>
  <system-out><![CDATA[]]></system-out>
  <system-err><![CDATA[]]></system-err>
</testsuite>
